budget solver time cost total_eca 
0.000000 bogo_seed=99 0.000000 0.000000 7.000200 
0.000000 naive_eca_inc_log=0_parallel=1 1 0.000000 7.000200 
0.000000 naive_eca_dec_log=0_parallel=1 0 0.000000 7.000200 
0.000000 glutton_eca_inc_log=0_parallel=1 0 0.000000 7.000200 
0.000000 glutton_eca_dec_log=0_parallel=1 0 0.000000 7.000200 
0.000000 pl_eca_3_fortest=0_log=1_relaxed=0_timeout=3600 27 0.000000 7.000200 
0.000000 randomized_rounding_draws=1000_log=0_parallel=1 15 0.000000 7.000200 
1.000000 bogo_seed=99 0.000000 1.000000 8.020200 
1.000000 naive_eca_inc_log=0_parallel=1 0 1.000000 9.000200 
1.000000 naive_eca_dec_log=0_parallel=1 0 1.000000 7.000200 
1.000000 glutton_eca_inc_log=0_parallel=1 0 1.000000 9.000200 
1.000000 glutton_eca_dec_log=0_parallel=1 0 1.000000 7.000200 
1.000000 pl_eca_3_fortest=0_log=1_relaxed=0_timeout=3600 4 1.000000 9.000200 
1.000000 randomized_rounding_draws=1000_log=0_parallel=1 4 1.000000 9.000200 
2.000000 bogo_seed=99 0.000000 2.000000 9.440200 
2.000000 naive_eca_inc_log=0_parallel=1 0 2.000000 13.000200 
2.000000 naive_eca_dec_log=0_parallel=1 0 2.000000 7.000200 
2.000000 glutton_eca_inc_log=0_parallel=1 0 2.000000 13.000200 
2.000000 glutton_eca_dec_log=0_parallel=1 0 2.000000 7.000200 
2.000000 pl_eca_3_fortest=0_log=1_relaxed=0_timeout=3600 6 2.000000 13.000200 
2.000000 randomized_rounding_draws=1000_log=0_parallel=1 4 2.000000 13.000200 
3.000000 bogo_seed=99 0.000000 3.000000 11.380200 
3.000000 naive_eca_inc_log=0_parallel=1 0 3.000000 19.000200 
3.000000 naive_eca_dec_log=0_parallel=1 0 3.000000 7.000200 
3.000000 glutton_eca_inc_log=0_parallel=1 0 3.000000 19.000200 
3.000000 glutton_eca_dec_log=0_parallel=1 0 3.000000 7.000200 
3.000000 pl_eca_3_fortest=0_log=1_relaxed=0_timeout=3600 4 3.000000 19.000200 
3.000000 randomized_rounding_draws=1000_log=0_parallel=1 2 3.000000 19.000200 
4.000000 bogo_seed=99 0.000000 4.000000 13.520200 
4.000000 naive_eca_inc_log=0_parallel=1 0 4.000000 27.000200 
4.000000 naive_eca_dec_log=0_parallel=1 0 4.000000 7.000200 
4.000000 glutton_eca_inc_log=0_parallel=1 0 4.000000 27.000200 
4.000000 glutton_eca_dec_log=0_parallel=1 0 4.000000 7.000200 
4.000000 pl_eca_3_fortest=0_log=1_relaxed=0_timeout=3600 2 4.000000 27.000200 
4.000000 randomized_rounding_draws=1000_log=0_parallel=1 2 4.000000 27.000200 
5.000000 bogo_seed=99 0.000000 5.000000 16.120200 
5.000000 naive_eca_inc_log=0_parallel=1 0 5.000000 37.000200 
5.000000 naive_eca_dec_log=0_parallel=1 0 5.000000 9.000400 
5.000000 glutton_eca_inc_log=0_parallel=1 0 5.000000 37.000200 
5.000000 glutton_eca_dec_log=0_parallel=1 0 5.000000 9.000400 
5.000000 pl_eca_3_fortest=0_log=1_relaxed=0_timeout=3600 2 5.000000 37.000200 
5.000000 randomized_rounding_draws=1000_log=0_parallel=1 2 5.000000 37.000200 
6.000000 bogo_seed=99 0.000000 6.000000 19.320204 
6.000000 naive_eca_inc_log=0_parallel=1 0 6.000000 37.000200 
6.000000 naive_eca_dec_log=0_parallel=1 0 6.000000 13.000600 
6.000000 glutton_eca_inc_log=0_parallel=1 0 6.000000 37.000200 
6.000000 glutton_eca_dec_log=0_parallel=1 0 6.000000 13.000600 
6.000000 pl_eca_3_fortest=0_log=1_relaxed=0_timeout=3600 2 6.000000 37.000200 
6.000000 randomized_rounding_draws=1000_log=0_parallel=1 2 6.000000 37.000200 
7.000000 bogo_seed=99 0.000000 7.000000 23.320236 
7.000000 naive_eca_inc_log=0_parallel=1 0 7.000000 37.000200 
7.000000 naive_eca_dec_log=0_parallel=1 0 7.000000 19.000800 
7.000000 glutton_eca_inc_log=0_parallel=1 0 7.000000 37.000200 
7.000000 glutton_eca_dec_log=0_parallel=1 0 7.000000 19.000800 
7.000000 pl_eca_3_fortest=0_log=1_relaxed=0_timeout=3600 2 6.000000 37.000200 
7.000000 randomized_rounding_draws=1000_log=0_parallel=1 2 7.000000 37.000200 
8.000000 bogo_seed=99 0.000000 8.000000 29.200344 
8.000000 naive_eca_inc_log=0_parallel=1 0 8.000000 37.000200 
8.000000 naive_eca_dec_log=0_parallel=1 0 8.000000 27.001000 
8.000000 glutton_eca_inc_log=0_parallel=1 0 8.000000 37.000200 
8.000000 glutton_eca_dec_log=0_parallel=1 0 8.000000 27.001000 
8.000000 pl_eca_3_fortest=0_log=1_relaxed=0_timeout=3600 2 8.000000 37.000200 
8.000000 randomized_rounding_draws=1000_log=0_parallel=1 2 8.000000 37.000200 
9.000000 bogo_seed=99 0.000000 9.000000 37.000690 
9.000000 naive_eca_inc_log=0_parallel=1 0 9.000000 37.000200 
9.000000 naive_eca_dec_log=0_parallel=1 0 9.000000 37.001200 
9.000000 glutton_eca_inc_log=0_parallel=1 0 9.000000 37.000200 
9.000000 glutton_eca_dec_log=0_parallel=1 0 9.000000 37.001200 
9.000000 pl_eca_3_fortest=0_log=1_relaxed=0_timeout=3600 2 9.000000 37.001200 
9.000000 randomized_rounding_draws=1000_log=0_parallel=1 1 9.000000 37.001200 
10.000000 bogo_seed=99 0.000000 10.000000 49.001400 
10.000000 naive_eca_inc_log=0_parallel=1 0 10.000000 49.001400 
10.000000 naive_eca_dec_log=0_parallel=1 0 10.000000 49.001400 
10.000000 glutton_eca_inc_log=0_parallel=1 0 10.000000 49.001400 
10.000000 glutton_eca_dec_log=0_parallel=1 0 10.000000 49.001400 
10.000000 pl_eca_3_fortest=0_log=1_relaxed=0_timeout=3600 1 10.000000 49.001400 
10.000000 randomized_rounding_draws=1000_log=0_parallel=1 1 10.000000 49.001400 
