pow thresold length_gain area_gain median budget solver time cost total_eca 
2.000000 0.010000 0.000000 1.000000 1400.000000 5.000000 bogo_draws=0_seed=0 0 5.000000 4209.210392
2.000000 0.010000 0.000000 1.000000 1400.000000 5.000000 naive_eca_inc_log=0_parallel=1 80 5.000000 4404.984787
2.000000 0.010000 0.000000 1.000000 1400.000000 5.000000 naive_eca_dec_log=0_parallel=1 72 5.000000 4403.056088
2.000000 0.010000 0.000000 1.000000 1400.000000 5.000000 glutton_eca_inc_log=0_parallel=1 416 5.000000 4403.905581
2.000000 0.010000 0.000000 1.000000 1400.000000 5.000000 glutton_eca_dec_log=0_parallel=1 4090 5.000000 4404.696949
2.000000 0.010000 0.000000 1.000000 1400.000000 5.000000 pl_eca_3_fortest=0_log=2_relaxed=0_threads=10_timeout=36000 96 0.000000 4037.289582
2.000000 0.010000 0.000000 1.000000 1400.000000 5.000000 randomized_rounding_draws=1000_log=0_parallel=0 6029 0.000000 4037.289582
2.000000 0.010000 0.000000 1.000000 1400.000000 10.000000 bogo_draws=0_seed=0 0 10.000000 4502.257282
2.000000 0.010000 0.000000 1.000000 1400.000000 10.000000 naive_eca_inc_log=0_parallel=1 76 10.000000 4781.337748
2.000000 0.010000 0.000000 1.000000 1400.000000 10.000000 naive_eca_dec_log=0_parallel=1 73 10.000000 4776.166305
2.000000 0.010000 0.000000 1.000000 1400.000000 10.000000 glutton_eca_inc_log=0_parallel=1 755 10.000000 4781.337748
2.000000 0.010000 0.000000 1.000000 1400.000000 10.000000 glutton_eca_dec_log=0_parallel=1 3978 10.000000 4781.337748
2.000000 0.010000 0.000000 1.000000 1400.000000 10.000000 pl_eca_3_fortest=0_log=2_relaxed=0_threads=10_timeout=36000 75 0.000000 4037.289582
2.000000 0.010000 0.000000 1.000000 1400.000000 10.000000 randomized_rounding_draws=1000_log=0_parallel=0 6015 0.000000 4037.289582
2.000000 0.010000 0.000000 1.000000 1400.000000 15.000000 bogo_draws=0_seed=0 0 15.000000 4675.720802
2.000000 0.010000 0.000000 1.000000 1400.000000 15.000000 naive_eca_inc_log=0_parallel=1 73 15.000000 5151.978906
2.000000 0.010000 0.000000 1.000000 1400.000000 15.000000 naive_eca_dec_log=0_parallel=1 73 15.000000 5151.978906
2.000000 0.010000 0.000000 1.000000 1400.000000 15.000000 glutton_eca_inc_log=0_parallel=1 1065 15.000000 5151.978906
2.000000 0.010000 0.000000 1.000000 1400.000000 15.000000 glutton_eca_dec_log=0_parallel=1 3898 15.000000 5151.978906
2.000000 0.010000 0.000000 1.000000 1400.000000 15.000000 pl_eca_3_fortest=0_log=2_relaxed=0_threads=10_timeout=36000 71 0.000000 4037.289582
2.000000 0.010000 0.000000 1.000000 1400.000000 15.000000 randomized_rounding_draws=1000_log=0_parallel=0 6090 0.000000 4037.289582
2.000000 0.010000 0.000000 1.000000 1400.000000 20.000000 bogo_draws=0_seed=0 0 20.000000 4790.679959
2.000000 0.010000 0.000000 1.000000 1400.000000 20.000000 naive_eca_inc_log=0_parallel=1 73 20.000000 5515.985218
2.000000 0.010000 0.000000 1.000000 1400.000000 20.000000 naive_eca_dec_log=0_parallel=1 75 20.000000 5497.108211
2.000000 0.010000 0.000000 1.000000 1400.000000 20.000000 glutton_eca_inc_log=0_parallel=1 1373 20.000000 5515.985218
2.000000 0.010000 0.000000 1.000000 1400.000000 20.000000 glutton_eca_dec_log=0_parallel=1 3815 20.000000 5515.502993
2.000000 0.010000 0.000000 1.000000 1400.000000 20.000000 pl_eca_3_fortest=0_log=2_relaxed=0_threads=10_timeout=36000 90 0.000000 4037.289582
2.000000 0.010000 0.000000 1.000000 1400.000000 20.000000 randomized_rounding_draws=1000_log=0_parallel=0 6020 0.000000 4037.289582
2.000000 0.010000 0.000000 1.000000 1400.000000 25.000000 bogo_draws=0_seed=0 0 25.000000 5033.869484
2.000000 0.010000 0.000000 1.000000 1400.000000 25.000000 naive_eca_inc_log=0_parallel=1 73 25.000000 5866.466103
2.000000 0.010000 0.000000 1.000000 1400.000000 25.000000 naive_eca_dec_log=0_parallel=1 73 25.000000 5858.847630
2.000000 0.010000 0.000000 1.000000 1400.000000 25.000000 glutton_eca_inc_log=0_parallel=1 1687 25.000000 5870.029639
2.000000 0.010000 0.000000 1.000000 1400.000000 25.000000 glutton_eca_dec_log=0_parallel=1 3677 25.000000 5870.029639
2.000000 0.010000 0.000000 1.000000 1400.000000 25.000000 pl_eca_3_fortest=0_log=2_relaxed=0_threads=10_timeout=36000 76 0.000000 4037.289582
2.000000 0.010000 0.000000 1.000000 1400.000000 25.000000 randomized_rounding_draws=1000_log=0_parallel=0 6040 0.000000 4037.289582
2.000000 0.010000 0.000000 1.000000 1400.000000 30.000000 bogo_draws=0_seed=0 0 30.000000 5213.559527
2.000000 0.010000 0.000000 1.000000 1400.000000 30.000000 naive_eca_inc_log=0_parallel=1 81 30.000000 6206.455897
2.000000 0.010000 0.000000 1.000000 1400.000000 30.000000 naive_eca_dec_log=0_parallel=1 79 30.000000 6198.305790
2.000000 0.010000 0.000000 1.000000 1400.000000 30.000000 glutton_eca_inc_log=0_parallel=1 1956 30.000000 6209.356704
2.000000 0.010000 0.000000 1.000000 1400.000000 30.000000 glutton_eca_dec_log=0_parallel=1 3557 30.000000 6209.356704
2.000000 0.010000 0.000000 1.000000 1400.000000 30.000000 pl_eca_3_fortest=0_log=2_relaxed=0_threads=10_timeout=36000 73 0.000000 4037.289582
2.000000 0.010000 0.000000 1.000000 1400.000000 30.000000 randomized_rounding_draws=1000_log=0_parallel=0 6027 0.000000 4037.289582
2.000000 0.010000 0.000000 1.000000 1400.000000 35.000000 bogo_draws=0_seed=0 0 35.000000 5533.201196
2.000000 0.010000 0.000000 1.000000 1400.000000 35.000000 naive_eca_inc_log=0_parallel=1 73 35.000000 6533.429542
2.000000 0.010000 0.000000 1.000000 1400.000000 35.000000 naive_eca_dec_log=0_parallel=1 80 35.000000 6528.507752
2.000000 0.010000 0.000000 1.000000 1400.000000 35.000000 glutton_eca_inc_log=0_parallel=1 2233 35.000000 6533.429542
2.000000 0.010000 0.000000 1.000000 1400.000000 35.000000 glutton_eca_dec_log=0_parallel=1 3392 35.000000 6533.429542
2.000000 0.010000 0.000000 1.000000 1400.000000 35.000000 pl_eca_3_fortest=0_log=2_relaxed=0_threads=10_timeout=36000 74 0.000000 4037.289582
2.000000 0.010000 0.000000 1.000000 1400.000000 35.000000 randomized_rounding_draws=1000_log=0_parallel=0 6022 0.000000 4037.289582
2.000000 0.010000 0.000000 1.000000 1400.000000 40.000000 bogo_draws=0_seed=0 0 40.000000 5814.068131
2.000000 0.010000 0.000000 1.000000 1400.000000 40.000000 naive_eca_inc_log=0_parallel=1 75 40.000000 6823.194755
2.000000 0.010000 0.000000 1.000000 1400.000000 40.000000 naive_eca_dec_log=0_parallel=1 72 40.000000 6819.968274
2.000000 0.010000 0.000000 1.000000 1400.000000 40.000000 glutton_eca_inc_log=0_parallel=1 2412 40.000000 6826.509964
2.000000 0.010000 0.000000 1.000000 1400.000000 40.000000 glutton_eca_dec_log=0_parallel=1 3221 40.000000 6826.509964
2.000000 0.010000 0.000000 1.000000 1400.000000 40.000000 pl_eca_3_fortest=0_log=2_relaxed=0_threads=10_timeout=36000 76 0.000000 4037.289582
2.000000 0.010000 0.000000 1.000000 1400.000000 40.000000 randomized_rounding_draws=1000_log=0_parallel=0 6048 0.000000 4037.289582
2.000000 0.010000 0.000000 1.000000 1400.000000 45.000000 bogo_draws=0_seed=0 0 45.000000 5960.233074
2.000000 0.010000 0.000000 1.000000 1400.000000 45.000000 naive_eca_inc_log=0_parallel=1 73 45.000000 7104.004687
2.000000 0.010000 0.000000 1.000000 1400.000000 45.000000 naive_eca_dec_log=0_parallel=1 75 45.000000 7086.995849
2.000000 0.010000 0.000000 1.000000 1400.000000 45.000000 glutton_eca_inc_log=0_parallel=1 2712 45.000000 7106.224405
2.000000 0.010000 0.000000 1.000000 1400.000000 45.000000 glutton_eca_dec_log=0_parallel=1 3056 45.000000 7106.224405
2.000000 0.010000 0.000000 1.000000 1400.000000 45.000000 pl_eca_3_fortest=0_log=2_relaxed=0_threads=10_timeout=36000 86 0.000000 4037.289582
2.000000 0.010000 0.000000 1.000000 1400.000000 45.000000 randomized_rounding_draws=1000_log=0_parallel=0 6009 0.000000 4037.289582
2.000000 0.010000 0.000000 1.000000 1400.000000 50.000000 bogo_draws=0_seed=0 0 50.000000 6207.398057
2.000000 0.010000 0.000000 1.000000 1400.000000 50.000000 naive_eca_inc_log=0_parallel=1 72 50.000000 7345.358678
2.000000 0.010000 0.000000 1.000000 1400.000000 50.000000 naive_eca_dec_log=0_parallel=1 73 50.000000 7340.943668
2.000000 0.010000 0.000000 1.000000 1400.000000 50.000000 glutton_eca_inc_log=0_parallel=1 2835 50.000000 7353.395903
2.000000 0.010000 0.000000 1.000000 1400.000000 50.000000 glutton_eca_dec_log=0_parallel=1 2800 50.000000 7353.395903
2.000000 0.010000 0.000000 1.000000 1400.000000 50.000000 pl_eca_3_fortest=0_log=2_relaxed=0_threads=10_timeout=36000 76 0.000000 4037.289582
2.000000 0.010000 0.000000 1.000000 1400.000000 50.000000 randomized_rounding_draws=1000_log=0_parallel=0 6027 0.000000 4037.289582
2.000000 0.010000 0.000000 1.000000 1400.000000 55.000000 bogo_draws=0_seed=0 0 55.000000 6376.133717
2.000000 0.010000 0.000000 1.000000 1400.000000 55.000000 naive_eca_inc_log=0_parallel=1 72 55.000000 7568.236149
2.000000 0.010000 0.000000 1.000000 1400.000000 55.000000 naive_eca_dec_log=0_parallel=1 73 55.000000 7546.270281
2.000000 0.010000 0.000000 1.000000 1400.000000 55.000000 glutton_eca_inc_log=0_parallel=1 3034 55.000000 7574.754786
2.000000 0.010000 0.000000 1.000000 1400.000000 55.000000 glutton_eca_dec_log=0_parallel=1 2567 55.000000 7574.754786
2.000000 0.010000 0.000000 1.000000 1400.000000 55.000000 pl_eca_3_fortest=0_log=2_relaxed=0_threads=10_timeout=36000 72 0.000000 4037.289582
2.000000 0.010000 0.000000 1.000000 1400.000000 55.000000 randomized_rounding_draws=1000_log=0_parallel=0 6027 0.000000 4037.289582
2.000000 0.010000 0.000000 1.000000 1400.000000 60.000000 bogo_draws=0_seed=0 0 60.000000 6681.935568
2.000000 0.010000 0.000000 1.000000 1400.000000 60.000000 naive_eca_inc_log=0_parallel=1 73 60.000000 7762.473175
2.000000 0.010000 0.000000 1.000000 1400.000000 60.000000 naive_eca_dec_log=0_parallel=1 72 60.000000 7758.953426
2.000000 0.010000 0.000000 1.000000 1400.000000 60.000000 glutton_eca_inc_log=0_parallel=1 3241 60.000000 7763.990798
2.000000 0.010000 0.000000 1.000000 1400.000000 60.000000 glutton_eca_dec_log=0_parallel=1 2404 60.000000 7759.203395
2.000000 0.010000 0.000000 1.000000 1400.000000 60.000000 pl_eca_3_fortest=0_log=2_relaxed=0_threads=10_timeout=36000 74 0.000000 4037.289582
2.000000 0.010000 0.000000 1.000000 1400.000000 60.000000 randomized_rounding_draws=1000_log=0_parallel=0 6021 0.000000 4037.289582
2.000000 0.010000 0.000000 1.000000 1400.000000 65.000000 bogo_draws=0_seed=0 0 65.000000 6919.387936
2.000000 0.010000 0.000000 1.000000 1400.000000 65.000000 naive_eca_inc_log=0_parallel=1 73 65.000000 7939.540707
2.000000 0.010000 0.000000 1.000000 1400.000000 65.000000 naive_eca_dec_log=0_parallel=1 74 65.000000 7935.586854
2.000000 0.010000 0.000000 1.000000 1400.000000 65.000000 glutton_eca_inc_log=0_parallel=1 3404 65.000000 7946.394834
2.000000 0.010000 0.000000 1.000000 1400.000000 65.000000 glutton_eca_dec_log=0_parallel=1 2183 65.000000 7946.394834
2.000000 0.010000 0.000000 1.000000 1400.000000 65.000000 pl_eca_3_fortest=0_log=2_relaxed=0_threads=10_timeout=36000 74 0.000000 4037.289582
2.000000 0.010000 0.000000 1.000000 1400.000000 65.000000 randomized_rounding_draws=1000_log=0_parallel=0 6040 0.000000 4037.289582
2.000000 0.010000 0.000000 1.000000 1400.000000 70.000000 bogo_draws=0_seed=0 0 70.000000 7140.275852
2.000000 0.010000 0.000000 1.000000 1400.000000 70.000000 naive_eca_inc_log=0_parallel=1 73 70.000000 8105.800970
2.000000 0.010000 0.000000 1.000000 1400.000000 70.000000 naive_eca_dec_log=0_parallel=1 76 70.000000 8105.468788
2.000000 0.010000 0.000000 1.000000 1400.000000 70.000000 glutton_eca_inc_log=0_parallel=1 3685 70.000000 8119.010109
2.000000 0.010000 0.000000 1.000000 1400.000000 70.000000 glutton_eca_dec_log=0_parallel=1 1892 70.000000 8119.010109
2.000000 0.010000 0.000000 1.000000 1400.000000 70.000000 pl_eca_3_fortest=0_log=2_relaxed=0_threads=10_timeout=36000 74 0.000000 4037.289582
2.000000 0.010000 0.000000 1.000000 1400.000000 70.000000 randomized_rounding_draws=1000_log=0_parallel=0 6032 0.000000 4037.289582
2.000000 0.010000 0.000000 1.000000 1400.000000 75.000000 bogo_draws=0_seed=0 0 75.000000 7357.927215
2.000000 0.010000 0.000000 1.000000 1400.000000 75.000000 naive_eca_inc_log=0_parallel=1 76 75.000000 8250.846915
2.000000 0.010000 0.000000 1.000000 1400.000000 75.000000 naive_eca_dec_log=0_parallel=1 75 75.000000 8280.775198
2.000000 0.010000 0.000000 1.000000 1400.000000 75.000000 glutton_eca_inc_log=0_parallel=1 3695 75.000000 8280.775198
2.000000 0.010000 0.000000 1.000000 1400.000000 75.000000 glutton_eca_dec_log=0_parallel=1 1614 75.000000 8280.775198
2.000000 0.010000 0.000000 1.000000 1400.000000 75.000000 pl_eca_3_fortest=0_log=2_relaxed=0_threads=10_timeout=36000 73 0.000000 4037.289582
2.000000 0.010000 0.000000 1.000000 1400.000000 75.000000 randomized_rounding_draws=1000_log=0_parallel=0 6041 0.000000 4037.289582
2.000000 0.010000 0.000000 1.000000 1400.000000 80.000000 bogo_draws=0_seed=0 0 80.000000 7596.260725
2.000000 0.010000 0.000000 1.000000 1400.000000 80.000000 naive_eca_inc_log=0_parallel=1 75 80.000000 8412.142393
2.000000 0.010000 0.000000 1.000000 1400.000000 80.000000 naive_eca_dec_log=0_parallel=1 73 80.000000 8425.333146
2.000000 0.010000 0.000000 1.000000 1400.000000 80.000000 glutton_eca_inc_log=0_parallel=1 3829 80.000000 8426.406640
2.000000 0.010000 0.000000 1.000000 1400.000000 80.000000 glutton_eca_dec_log=0_parallel=1 1311 80.000000 8425.333146
2.000000 0.010000 0.000000 1.000000 1400.000000 80.000000 pl_eca_3_fortest=0_log=2_relaxed=0_threads=10_timeout=36000 73 0.000000 4037.289582
2.000000 0.010000 0.000000 1.000000 1400.000000 80.000000 randomized_rounding_draws=1000_log=0_parallel=0 6028 0.000000 4037.289582
2.000000 0.010000 0.000000 1.000000 1400.000000 85.000000 bogo_draws=0_seed=0 0 85.000000 7865.826994
2.000000 0.010000 0.000000 1.000000 1400.000000 85.000000 naive_eca_inc_log=0_parallel=1 73 85.000000 8552.414591
2.000000 0.010000 0.000000 1.000000 1400.000000 85.000000 naive_eca_dec_log=0_parallel=1 74 85.000000 8559.502610
2.000000 0.010000 0.000000 1.000000 1400.000000 85.000000 glutton_eca_inc_log=0_parallel=1 3915 85.000000 8560.155486
2.000000 0.010000 0.000000 1.000000 1400.000000 85.000000 glutton_eca_dec_log=0_parallel=1 1018 85.000000 8560.155486
2.000000 0.010000 0.000000 1.000000 1400.000000 85.000000 pl_eca_3_fortest=0_log=2_relaxed=0_threads=10_timeout=36000 114 0.000000 4037.289582
2.000000 0.010000 0.000000 1.000000 1400.000000 85.000000 randomized_rounding_draws=1000_log=0_parallel=0 6092 0.000000 4037.289582
2.000000 0.010000 0.000000 1.000000 1400.000000 90.000000 bogo_draws=0_seed=0 0 90.000000 8116.766704
2.000000 0.010000 0.000000 1.000000 1400.000000 90.000000 naive_eca_inc_log=0_parallel=1 73 90.000000 8677.665604
2.000000 0.010000 0.000000 1.000000 1400.000000 90.000000 naive_eca_dec_log=0_parallel=1 74 90.000000 8676.263804
2.000000 0.010000 0.000000 1.000000 1400.000000 90.000000 glutton_eca_inc_log=0_parallel=1 3998 90.000000 8681.890272
2.000000 0.010000 0.000000 1.000000 1400.000000 90.000000 glutton_eca_dec_log=0_parallel=1 686 90.000000 8681.890272
2.000000 0.010000 0.000000 1.000000 1400.000000 90.000000 pl_eca_3_fortest=0_log=2_relaxed=0_threads=10_timeout=36000 74 0.000000 4037.289582
2.000000 0.010000 0.000000 1.000000 1400.000000 90.000000 randomized_rounding_draws=1000_log=0_parallel=0 6042 0.000000 4037.289582
2.000000 0.010000 0.000000 1.000000 1400.000000 95.000000 bogo_draws=0_seed=0 0 95.000000 8505.585967
2.000000 0.010000 0.000000 1.000000 1400.000000 95.000000 naive_eca_inc_log=0_parallel=1 77 95.000000 8755.697904
2.000000 0.010000 0.000000 1.000000 1400.000000 95.000000 naive_eca_dec_log=0_parallel=1 73 95.000000 8754.835425
2.000000 0.010000 0.000000 1.000000 1400.000000 95.000000 glutton_eca_inc_log=0_parallel=1 4140 95.000000 8755.697904
2.000000 0.010000 0.000000 1.000000 1400.000000 95.000000 glutton_eca_dec_log=0_parallel=1 353 95.000000 8755.697904
2.000000 0.010000 0.000000 1.000000 1400.000000 95.000000 pl_eca_3_fortest=0_log=2_relaxed=0_threads=10_timeout=36000 78 0.000000 4037.289582
2.000000 0.010000 0.000000 1.000000 1400.000000 95.000000 randomized_rounding_draws=1000_log=0_parallel=0 6036 0.000000 4037.289582
2.000000 0.010000 0.000000 1.000000 1400.000000 100.000000 bogo_draws=0_seed=0 0 100.000000 8823.310847
2.000000 0.010000 0.000000 1.000000 1400.000000 100.000000 naive_eca_inc_log=0_parallel=1 75 100.000000 8823.310847
2.000000 0.010000 0.000000 1.000000 1400.000000 100.000000 naive_eca_dec_log=0_parallel=1 72 100.000000 8823.310847
2.000000 0.010000 0.000000 1.000000 1400.000000 100.000000 glutton_eca_inc_log=0_parallel=1 4272 100.000000 8823.310847
2.000000 0.010000 0.000000 1.000000 1400.000000 100.000000 glutton_eca_dec_log=0_parallel=1 6 100.000000 8823.310847
2.000000 0.010000 0.000000 1.000000 1400.000000 100.000000 pl_eca_3_fortest=0_log=2_relaxed=0_threads=10_timeout=36000 76 0.000000 4037.289582
2.000000 0.010000 0.000000 1.000000 1400.000000 100.000000 randomized_rounding_draws=1000_log=0_parallel=0 6071 0.000000 4037.289582
2.000000 0.010000 1.000000 0.000000 1400.000000 5.000000 bogo_draws=0_seed=0 0 5.000000 3284.580422
2.000000 0.010000 1.000000 0.000000 1400.000000 5.000000 naive_eca_inc_log=0_parallel=1 104 5.000000 3367.837821
2.000000 0.010000 1.000000 0.000000 1400.000000 5.000000 naive_eca_dec_log=0_parallel=1 133 5.000000 3422.628571
2.000000 0.010000 1.000000 0.000000 1400.000000 5.000000 glutton_eca_inc_log=0_parallel=1 588 5.000000 3453.087708
2.000000 0.010000 1.000000 0.000000 1400.000000 5.000000 glutton_eca_dec_log=0_parallel=1 6985 5.000000 3440.838821
2.000000 0.010000 1.000000 0.000000 1400.000000 5.000000 pl_eca_3_fortest=0_log=2_relaxed=0_threads=10_timeout=36000 29091 5.000000 3453.087708
2.000000 0.010000 1.000000 0.000000 1400.000000 5.000000 randomized_rounding_draws=1000_log=0_parallel=0 11351 5.000000 3453.087708
2.000000 0.010000 1.000000 0.000000 1400.000000 10.000000 bogo_draws=0_seed=0 0 10.000000 3368.758272
2.000000 0.010000 1.000000 0.000000 1400.000000 10.000000 naive_eca_inc_log=0_parallel=1 112 10.000000 3514.684934
2.000000 0.010000 1.000000 0.000000 1400.000000 10.000000 naive_eca_dec_log=0_parallel=1 163 10.000000 3529.456750
2.000000 0.010000 1.000000 0.000000 1400.000000 10.000000 glutton_eca_inc_log=0_parallel=1 1132 10.000000 3588.111174
2.000000 0.010000 1.000000 0.000000 1400.000000 10.000000 glutton_eca_dec_log=0_parallel=1 7002 10.000000 3596.928322
2.000000 0.010000 1.000000 0.000000 1400.000000 10.000000 pl_eca_3_fortest=0_log=2_relaxed=0_threads=10_timeout=36000 127644 10.000000 3596.928322
2.000000 0.010000 1.000000 0.000000 1400.000000 10.000000 randomized_rounding_draws=1000_log=0_parallel=0 11852 10.000000 3594.265588
2.000000 0.010000 1.000000 0.000000 1400.000000 15.000000 bogo_draws=0_seed=0 0 15.000000 3419.037739
2.000000 0.010000 1.000000 0.000000 1400.000000 15.000000 naive_eca_inc_log=0_parallel=1 110 15.000000 3621.694008
2.000000 0.010000 1.000000 0.000000 1400.000000 15.000000 naive_eca_dec_log=0_parallel=1 140 15.000000 3672.240626
2.000000 0.010000 1.000000 0.000000 1400.000000 15.000000 glutton_eca_inc_log=0_parallel=1 1542 15.000000 3697.107155
2.000000 0.010000 1.000000 0.000000 1400.000000 15.000000 glutton_eca_dec_log=0_parallel=1 6789 15.000000 3727.037789
2.000000 0.010000 1.000000 0.000000 1400.000000 15.000000 pl_eca_3_fortest=0_log=2_relaxed=0_threads=10_timeout=36000 177676 15.000000 3727.037789
2.000000 0.010000 1.000000 0.000000 1400.000000 15.000000 randomized_rounding_draws=1000_log=0_parallel=0 12338 15.000000 3712.573920
2.000000 0.010000 1.000000 0.000000 1400.000000 20.000000 bogo_draws=0_seed=0 0 20.000000 3439.427098
2.000000 0.010000 1.000000 0.000000 1400.000000 20.000000 naive_eca_inc_log=0_parallel=1 102 20.000000 3737.467851
2.000000 0.010000 1.000000 0.000000 1400.000000 20.000000 naive_eca_dec_log=0_parallel=1 135 20.000000 3742.473548
2.000000 0.010000 1.000000 0.000000 1400.000000 20.000000 glutton_eca_inc_log=0_parallel=1 2012 20.000000 3783.251203
2.000000 0.010000 1.000000 0.000000 1400.000000 20.000000 glutton_eca_dec_log=0_parallel=1 6586 20.000000 3820.620800
2.000000 0.010000 1.000000 0.000000 1400.000000 20.000000 pl_eca_3_fortest=0_log=2_relaxed=0_threads=10_timeout=36000 149997 20.000000 3820.620800
2.000000 0.010000 1.000000 0.000000 1400.000000 20.000000 randomized_rounding_draws=1000_log=0_parallel=0 12502 20.000000 3786.957736
2.000000 0.010000 1.000000 0.000000 1400.000000 25.000000 bogo_draws=0_seed=0 0 25.000000 3470.768999
2.000000 0.010000 1.000000 0.000000 1400.000000 25.000000 naive_eca_inc_log=0_parallel=1 101 25.000000 3800.536818
2.000000 0.010000 1.000000 0.000000 1400.000000 25.000000 naive_eca_dec_log=0_parallel=1 134 25.000000 3846.166848
2.000000 0.010000 1.000000 0.000000 1400.000000 25.000000 glutton_eca_inc_log=0_parallel=1 2483 25.000000 3840.045999
2.000000 0.010000 1.000000 0.000000 1400.000000 25.000000 glutton_eca_dec_log=0_parallel=1 6413 25.000000 3887.632667
2.000000 0.010000 1.000000 0.000000 1400.000000 25.000000 pl_eca_3_fortest=0_log=2_relaxed=0_threads=10_timeout=36000 50530 25.000000 3891.677765
2.000000 0.010000 1.000000 0.000000 1400.000000 25.000000 randomized_rounding_draws=1000_log=0_parallel=0 12464 25.000000 3867.619782
2.000000 0.010000 1.000000 0.000000 1400.000000 30.000000 bogo_draws=0_seed=0 0 30.000000 3602.214338
2.000000 0.010000 1.000000 0.000000 1400.000000 30.000000 naive_eca_inc_log=0_parallel=1 102 30.000000 3863.166887
2.000000 0.010000 1.000000 0.000000 1400.000000 30.000000 naive_eca_dec_log=0_parallel=1 135 30.000000 3928.747972
2.000000 0.010000 1.000000 0.000000 1400.000000 30.000000 glutton_eca_inc_log=0_parallel=1 2936 30.000000 3882.353497
2.000000 0.010000 1.000000 0.000000 1400.000000 30.000000 glutton_eca_dec_log=0_parallel=1 6228 30.000000 3933.134295
2.000000 0.010000 1.000000 0.000000 1400.000000 30.000000 pl_eca_3_fortest=0_log=2_relaxed=0_threads=10_timeout=36000 20843 30.000000 3946.039904
2.000000 0.010000 1.000000 0.000000 1400.000000 30.000000 randomized_rounding_draws=1000_log=0_parallel=0 12562 30.000000 3924.618362
2.000000 0.010000 1.000000 0.000000 1400.000000 35.000000 bogo_draws=0_seed=0 0 35.000000 3652.400204
2.000000 0.010000 1.000000 0.000000 1400.000000 35.000000 naive_eca_inc_log=0_parallel=1 107 35.000000 3909.493664
2.000000 0.010000 1.000000 0.000000 1400.000000 35.000000 naive_eca_dec_log=0_parallel=1 135 35.000000 3975.788094
2.000000 0.010000 1.000000 0.000000 1400.000000 35.000000 glutton_eca_inc_log=0_parallel=1 3407 35.000000 3970.270206
2.000000 0.010000 1.000000 0.000000 1400.000000 35.000000 glutton_eca_dec_log=0_parallel=1 6041 35.000000 3975.048233
2.000000 0.010000 1.000000 0.000000 1400.000000 35.000000 pl_eca_3_fortest=0_log=2_relaxed=0_threads=10_timeout=36000 12106 35.000000 3984.180232
2.000000 0.010000 1.000000 0.000000 1400.000000 35.000000 randomized_rounding_draws=1000_log=0_parallel=0 12209 35.000000 3958.937627
2.000000 0.010000 1.000000 0.000000 1400.000000 40.000000 bogo_draws=0_seed=0 0 40.000000 3740.056100
2.000000 0.010000 1.000000 0.000000 1400.000000 40.000000 naive_eca_inc_log=0_parallel=1 110 40.000000 3967.396368
2.000000 0.010000 1.000000 0.000000 1400.000000 40.000000 naive_eca_dec_log=0_parallel=1 135 40.000000 4005.751798
2.000000 0.010000 1.000000 0.000000 1400.000000 40.000000 glutton_eca_inc_log=0_parallel=1 3755 40.000000 4000.796983
2.000000 0.010000 1.000000 0.000000 1400.000000 40.000000 glutton_eca_dec_log=0_parallel=1 5731 40.000000 4007.636231
2.000000 0.010000 1.000000 0.000000 1400.000000 40.000000 pl_eca_3_fortest=0_log=2_relaxed=0_threads=10_timeout=36000 8330 40.000000 4012.918148
2.000000 0.010000 1.000000 0.000000 1400.000000 40.000000 randomized_rounding_draws=1000_log=0_parallel=0 12347 40.000000 3990.454335
2.000000 0.010000 1.000000 0.000000 1400.000000 45.000000 bogo_draws=0_seed=0 0 45.000000 3745.517961
2.000000 0.010000 1.000000 0.000000 1400.000000 45.000000 naive_eca_inc_log=0_parallel=1 113 45.000000 3996.321316
2.000000 0.010000 1.000000 0.000000 1400.000000 45.000000 naive_eca_dec_log=0_parallel=1 146 45.000000 4024.862579
2.000000 0.010000 1.000000 0.000000 1400.000000 45.000000 glutton_eca_inc_log=0_parallel=1 4057 45.000000 4018.052827
2.000000 0.010000 1.000000 0.000000 1400.000000 45.000000 glutton_eca_dec_log=0_parallel=1 5410 45.000000 4027.799734
2.000000 0.010000 1.000000 0.000000 1400.000000 45.000000 pl_eca_3_fortest=0_log=2_relaxed=0_threads=10_timeout=36000 5706 45.000000 4027.799734
2.000000 0.010000 1.000000 0.000000 1400.000000 45.000000 randomized_rounding_draws=1000_log=0_parallel=0 12239 45.000000 4021.031339
2.000000 0.010000 1.000000 0.000000 1400.000000 50.000000 bogo_draws=0_seed=0 0 50.000000 3779.213893
2.000000 0.010000 1.000000 0.000000 1400.000000 50.000000 naive_eca_inc_log=0_parallel=1 101 50.000000 4005.708647
2.000000 0.010000 1.000000 0.000000 1400.000000 50.000000 naive_eca_dec_log=0_parallel=1 136 50.000000 4035.444805
2.000000 0.010000 1.000000 0.000000 1400.000000 50.000000 glutton_eca_inc_log=0_parallel=1 4449 50.000000 4023.933564
2.000000 0.010000 1.000000 0.000000 1400.000000 50.000000 glutton_eca_dec_log=0_parallel=1 5049 50.000000 4035.444805
2.000000 0.010000 1.000000 0.000000 1400.000000 50.000000 pl_eca_3_fortest=0_log=2_relaxed=0_threads=10_timeout=36000 4047 50.000000 4035.379553
2.000000 0.010000 1.000000 0.000000 1400.000000 50.000000 randomized_rounding_draws=1000_log=0_parallel=0 12116 50.000000 4029.068096
2.000000 0.010000 1.000000 0.000000 1400.000000 55.000000 bogo_draws=0_seed=0 0 55.000000 3818.685878
2.000000 0.010000 1.000000 0.000000 1400.000000 55.000000 naive_eca_inc_log=0_parallel=1 111 55.000000 4037.043286
2.000000 0.010000 1.000000 0.000000 1400.000000 55.000000 naive_eca_dec_log=0_parallel=1 153 55.000000 4037.038969
2.000000 0.010000 1.000000 0.000000 1400.000000 55.000000 glutton_eca_inc_log=0_parallel=1 4825 55.000000 4037.043286
2.000000 0.010000 1.000000 0.000000 1400.000000 55.000000 glutton_eca_dec_log=0_parallel=1 4686 55.000000 4037.038969
2.000000 0.010000 1.000000 0.000000 1400.000000 55.000000 pl_eca_3_fortest=0_log=2_relaxed=0_threads=10_timeout=36000 3172 55.000000 4037.007339
2.000000 0.010000 1.000000 0.000000 1400.000000 55.000000 randomized_rounding_draws=1000_log=0_parallel=0 12155 55.000000 4037.043286
2.000000 0.010000 1.000000 0.000000 1400.000000 60.000000 bogo_draws=0_seed=0 0 60.000000 3859.316176
2.000000 0.010000 1.000000 0.000000 1400.000000 60.000000 naive_eca_inc_log=0_parallel=1 107 60.000000 4037.043286
2.000000 0.010000 1.000000 0.000000 1400.000000 60.000000 naive_eca_dec_log=0_parallel=1 136 60.000000 4037.289582
2.000000 0.010000 1.000000 0.000000 1400.000000 60.000000 glutton_eca_inc_log=0_parallel=1 5122 60.000000 4037.043286
2.000000 0.010000 1.000000 0.000000 1400.000000 60.000000 glutton_eca_dec_log=0_parallel=1 4305 60.000000 4037.289582
2.000000 0.010000 1.000000 0.000000 1400.000000 60.000000 pl_eca_3_fortest=0_log=2_relaxed=0_threads=10_timeout=36000 3025 60.000000 4037.289582
2.000000 0.010000 1.000000 0.000000 1400.000000 60.000000 randomized_rounding_draws=1000_log=0_parallel=0 12243 60.000000 4037.289582
2.000000 0.010000 1.000000 0.000000 1400.000000 65.000000 bogo_draws=0_seed=0 0 65.000000 3872.982451
2.000000 0.010000 1.000000 0.000000 1400.000000 65.000000 naive_eca_inc_log=0_parallel=1 102 65.000000 4037.043286
2.000000 0.010000 1.000000 0.000000 1400.000000 65.000000 naive_eca_dec_log=0_parallel=1 134 65.000000 4037.289582
2.000000 0.010000 1.000000 0.000000 1400.000000 65.000000 glutton_eca_inc_log=0_parallel=1 5429 65.000000 4037.043286
2.000000 0.010000 1.000000 0.000000 1400.000000 65.000000 glutton_eca_dec_log=0_parallel=1 3868 65.000000 4037.289582
2.000000 0.010000 1.000000 0.000000 1400.000000 65.000000 pl_eca_3_fortest=0_log=2_relaxed=0_threads=10_timeout=36000 3100 60.000000 4037.289582
2.000000 0.010000 1.000000 0.000000 1400.000000 65.000000 randomized_rounding_draws=1000_log=0_parallel=0 12482 65.000000 4037.289582
2.000000 0.010000 1.000000 0.000000 1400.000000 70.000000 bogo_draws=0_seed=0 0 70.000000 3908.872355
2.000000 0.010000 1.000000 0.000000 1400.000000 70.000000 naive_eca_inc_log=0_parallel=1 101 70.000000 4037.043286
2.000000 0.010000 1.000000 0.000000 1400.000000 70.000000 naive_eca_dec_log=0_parallel=1 133 70.000000 4037.289582
2.000000 0.010000 1.000000 0.000000 1400.000000 70.000000 glutton_eca_inc_log=0_parallel=1 5745 70.000000 4037.043286
2.000000 0.010000 1.000000 0.000000 1400.000000 70.000000 glutton_eca_dec_log=0_parallel=1 3470 70.000000 4037.289582
2.000000 0.010000 1.000000 0.000000 1400.000000 70.000000 pl_eca_3_fortest=0_log=2_relaxed=0_threads=10_timeout=36000 3059 60.000000 4037.289582
2.000000 0.010000 1.000000 0.000000 1400.000000 70.000000 randomized_rounding_draws=1000_log=0_parallel=0 12392 66.000000 4037.289582
2.000000 0.010000 1.000000 0.000000 1400.000000 75.000000 bogo_draws=0_seed=0 0 75.000000 3925.815357
2.000000 0.010000 1.000000 0.000000 1400.000000 75.000000 naive_eca_inc_log=0_parallel=1 101 75.000000 4037.043286
2.000000 0.010000 1.000000 0.000000 1400.000000 75.000000 naive_eca_dec_log=0_parallel=1 135 75.000000 4037.289582
2.000000 0.010000 1.000000 0.000000 1400.000000 75.000000 glutton_eca_inc_log=0_parallel=1 5896 75.000000 4037.043286
2.000000 0.010000 1.000000 0.000000 1400.000000 75.000000 glutton_eca_dec_log=0_parallel=1 2933 75.000000 4037.289582
2.000000 0.010000 1.000000 0.000000 1400.000000 75.000000 pl_eca_3_fortest=0_log=2_relaxed=0_threads=10_timeout=36000 2986 60.000000 4037.289582
2.000000 0.010000 1.000000 0.000000 1400.000000 75.000000 randomized_rounding_draws=1000_log=0_parallel=0 12518 66.000000 4037.289582
2.000000 0.010000 1.000000 0.000000 1400.000000 80.000000 bogo_draws=0_seed=0 0 80.000000 3943.164549
2.000000 0.010000 1.000000 0.000000 1400.000000 80.000000 naive_eca_inc_log=0_parallel=1 101 80.000000 4037.043286
2.000000 0.010000 1.000000 0.000000 1400.000000 80.000000 naive_eca_dec_log=0_parallel=1 134 80.000000 4037.289582
2.000000 0.010000 1.000000 0.000000 1400.000000 80.000000 glutton_eca_inc_log=0_parallel=1 6078 80.000000 4037.043286
2.000000 0.010000 1.000000 0.000000 1400.000000 80.000000 glutton_eca_dec_log=0_parallel=1 2406 80.000000 4037.289582
2.000000 0.010000 1.000000 0.000000 1400.000000 80.000000 pl_eca_3_fortest=0_log=2_relaxed=0_threads=10_timeout=36000 3072 79.000000 4037.289582
2.000000 0.010000 1.000000 0.000000 1400.000000 80.000000 randomized_rounding_draws=1000_log=0_parallel=0 12451 66.000000 4037.289582
2.000000 0.010000 1.000000 0.000000 1400.000000 85.000000 bogo_draws=0_seed=0 0 85.000000 3962.527420
2.000000 0.010000 1.000000 0.000000 1400.000000 85.000000 naive_eca_inc_log=0_parallel=1 106 85.000000 4037.289582
2.000000 0.010000 1.000000 0.000000 1400.000000 85.000000 naive_eca_dec_log=0_parallel=1 141 85.000000 4037.289582
2.000000 0.010000 1.000000 0.000000 1400.000000 85.000000 glutton_eca_inc_log=0_parallel=1 6303 85.000000 4037.043286
2.000000 0.010000 1.000000 0.000000 1400.000000 85.000000 glutton_eca_dec_log=0_parallel=1 1851 85.000000 4037.289582
2.000000 0.010000 1.000000 0.000000 1400.000000 85.000000 pl_eca_3_fortest=0_log=2_relaxed=0_threads=10_timeout=36000 2646 85.000000 4037.289582
2.000000 0.010000 1.000000 0.000000 1400.000000 85.000000 randomized_rounding_draws=1000_log=0_parallel=0 12779 85.000000 4037.289582
2.000000 0.010000 1.000000 0.000000 1400.000000 90.000000 bogo_draws=0_seed=0 0 90.000000 3974.019277
2.000000 0.010000 1.000000 0.000000 1400.000000 90.000000 naive_eca_inc_log=0_parallel=1 101 90.000000 4037.289582
2.000000 0.010000 1.000000 0.000000 1400.000000 90.000000 naive_eca_dec_log=0_parallel=1 134 90.000000 4037.289582
2.000000 0.010000 1.000000 0.000000 1400.000000 90.000000 glutton_eca_inc_log=0_parallel=1 6421 90.000000 4037.289582
2.000000 0.010000 1.000000 0.000000 1400.000000 90.000000 glutton_eca_dec_log=0_parallel=1 1242 90.000000 4037.289582
2.000000 0.010000 1.000000 0.000000 1400.000000 90.000000 pl_eca_3_fortest=0_log=2_relaxed=0_threads=10_timeout=36000 2569 88.000000 4037.289582
2.000000 0.010000 1.000000 0.000000 1400.000000 90.000000 randomized_rounding_draws=1000_log=0_parallel=0 12722 88.000000 4037.289582
2.000000 0.010000 1.000000 0.000000 1400.000000 95.000000 bogo_draws=0_seed=0 0 95.000000 4023.393049
2.000000 0.010000 1.000000 0.000000 1400.000000 95.000000 naive_eca_inc_log=0_parallel=1 110 95.000000 4037.289582
2.000000 0.010000 1.000000 0.000000 1400.000000 95.000000 naive_eca_dec_log=0_parallel=1 134 95.000000 4037.289582
2.000000 0.010000 1.000000 0.000000 1400.000000 95.000000 glutton_eca_inc_log=0_parallel=1 6657 95.000000 4037.289582
2.000000 0.010000 1.000000 0.000000 1400.000000 95.000000 glutton_eca_dec_log=0_parallel=1 622 95.000000 4037.289582
2.000000 0.010000 1.000000 0.000000 1400.000000 95.000000 pl_eca_3_fortest=0_log=2_relaxed=0_threads=10_timeout=36000 2546 93.000000 4037.289582
2.000000 0.010000 1.000000 0.000000 1400.000000 95.000000 randomized_rounding_draws=1000_log=0_parallel=0 12693 93.000000 4037.289582
2.000000 0.010000 1.000000 0.000000 1400.000000 100.000000 bogo_draws=0_seed=0 0 100.000000 4037.289582
2.000000 0.010000 1.000000 0.000000 1400.000000 100.000000 naive_eca_inc_log=0_parallel=1 99 100.000000 4037.289582
2.000000 0.010000 1.000000 0.000000 1400.000000 100.000000 naive_eca_dec_log=0_parallel=1 132 100.000000 4037.289582
2.000000 0.010000 1.000000 0.000000 1400.000000 100.000000 glutton_eca_inc_log=0_parallel=1 6644 100.000000 4037.289582
2.000000 0.010000 1.000000 0.000000 1400.000000 100.000000 glutton_eca_dec_log=0_parallel=1 10 100.000000 4037.289582
2.000000 0.010000 1.000000 0.000000 1400.000000 100.000000 pl_eca_3_fortest=0_log=2_relaxed=0_threads=10_timeout=36000 2523 96.000000 4037.289582
2.000000 0.010000 1.000000 0.000000 1400.000000 100.000000 randomized_rounding_draws=1000_log=0_parallel=0 12732 100.000000 4037.289582
2.000000 0.010000 1.000000 1.000000 1400.000000 5.000000 bogo_draws=0_seed=0 0 5.000000 3403.249545
2.000000 0.010000 1.000000 1.000000 1400.000000 5.000000 naive_eca_inc_log=0_parallel=1 106 5.000000 3731.601005
2.000000 0.010000 1.000000 1.000000 1400.000000 5.000000 naive_eca_dec_log=0_parallel=1 131 5.000000 3718.873569
2.000000 0.010000 1.000000 1.000000 1400.000000 5.000000 glutton_eca_inc_log=0_parallel=1 573 5.000000 3748.725574
2.000000 0.010000 1.000000 1.000000 1400.000000 5.000000 glutton_eca_dec_log=0_parallel=1 6935 5.000000 3748.725574
2.000000 0.010000 1.000000 1.000000 1400.000000 5.000000 pl_eca_3_fortest=0_log=2_relaxed=0_threads=10_timeout=36000 2212 0.000000 3210.452389
2.000000 0.010000 1.000000 1.000000 1400.000000 5.000000 randomized_rounding_draws=1000_log=0_parallel=0 9667 0.000000 3210.452389
2.000000 0.010000 1.000000 1.000000 1400.000000 10.000000 bogo_draws=0_seed=0 0 10.000000 3721.108156
2.000000 0.010000 1.000000 1.000000 1400.000000 10.000000 naive_eca_inc_log=0_parallel=1 100 10.000000 4134.014167
2.000000 0.010000 1.000000 1.000000 1400.000000 10.000000 naive_eca_dec_log=0_parallel=1 142 10.000000 4184.930331
2.000000 0.010000 1.000000 1.000000 1400.000000 10.000000 glutton_eca_inc_log=0_parallel=1 1062 10.000000 4216.252804
2.000000 0.010000 1.000000 1.000000 1400.000000 10.000000 glutton_eca_dec_log=0_parallel=1 6799 10.000000 4222.166077
2.000000 0.010000 1.000000 1.000000 1400.000000 10.000000 pl_eca_3_fortest=0_log=2_relaxed=0_threads=10_timeout=36000 2200 0.000000 3210.452389
2.000000 0.010000 1.000000 1.000000 1400.000000 10.000000 randomized_rounding_draws=1000_log=0_parallel=0 9701 0.000000 3210.452389
2.000000 0.010000 1.000000 1.000000 1400.000000 15.000000 bogo_draws=0_seed=0 0 15.000000 3910.480066
2.000000 0.010000 1.000000 1.000000 1400.000000 15.000000 naive_eca_inc_log=0_parallel=1 102 15.000000 4579.240065
2.000000 0.010000 1.000000 1.000000 1400.000000 15.000000 naive_eca_dec_log=0_parallel=1 133 15.000000 4593.142545
2.000000 0.010000 1.000000 1.000000 1400.000000 15.000000 glutton_eca_inc_log=0_parallel=1 1539 15.000000 4685.679135
